Build started 08/02/2017 17:52:18.
     1>Project "U:\AC52002\Assignment 1\Assignment 1\Assignment 1.vcxproj" on node 2 (Build target(s)).
     1>ClCompile:
         C:\Program Files (x86)\Microsoft Visual Studio 12.0\VC\bin\CL.exe /c /Zi /nologo /W3 /WX- /Od /Oy- /D WIN32 /D _DEBUG /D _CONSOLE /Gm /EHsc /RTC1 /MDd /GS /fp:precise /Zc:wchar_t /Zc:forScope /Fo"Debug\\" /Fd"Debug\vc120.pdb" /Gd /TP /analyze- /errorReport:prompt main.cpp stack.cpp StackInput.cpp
         StackInput.cpp
         stack.cpp
         main.cpp
         Generating Code...
       Link:
         C:\Program Files (x86)\Microsoft Visual Studio 12.0\VC\bin\link.exe /ERRORREPORT:PROMPT /OUT:"U:\AC52002\Assignment 1\Assignment 1\Debug\Assignment 1.exe" /INCREMENTAL /NOLOGO kernel32.lib user32.lib gdi32.lib winspool.lib comdlg32.lib advapi32.lib shell32.lib ole32.lib oleaut32.lib uuid.lib odbc32.lib odbccp32.lib /MANIFEST /MANIFESTUAC:"level='asInvoker' uiAccess='false'" /manifest:embed /DEBUG /PDB:"U:\AC52002\Assignment 1\Assignment 1\Debug\Assignment 1.pdb" /SUBSYSTEM:CONSOLE /TLBID:1 /DYNAMICBASE /NXCOMPAT /IMPLIB:"U:\AC52002\Assignment 1\Assignment 1\Debug\Assignment 1.lib" /MACHINE:X86 Debug\main.obj
         Debug\stack.obj
         Debug\StackInput.obj
     1>StackInput.obj : error LNK2005: "class stack __cdecl StackInput(void)" (?StackInput@@YA?AVstack@@XZ) already defined in main.obj
     1>U:\AC52002\Assignment 1\Assignment 1\Debug\Assignment 1.exe : fatal error LNK1169: one or more multiply defined symbols found
     1>Done Building Project "U:\AC52002\Assignment 1\Assignment 1\Assignment 1.vcxproj" (Build target(s)) -- FAILED.

Build FAILED.

Time Elapsed 00:00:02.37
